<?xml version="1.0" encoding="UTF-8"?>
<!-- Generated by org.testng.reporters.JUnitReportReporter -->
<testsuite skipped="0" hostname="SHREEYA-MALHAR" name="com.maven1.MyMaven1.ExtentReport" tests="1" failures="0" timestamp="22 Nov 2017 05:12:37 GMT" time="1.765" errors="0">
  <testcase name="test1" time="1.765" classname="com.maven1.MyMaven1.ExtentReport"/>
</testsuite> <!-- com.maven1.MyMaven1.ExtentReport -->
