<?xml version="1.0" encoding="UTF-8"?>
<!-- Generated by org.testng.reporters.JUnitReportReporter -->
<testsuite skipped="0" hostname="SHREEYA-MALHAR" name="com.maven1.MyMaven1.AppiumTestNative" tests="1" failures="0" timestamp="05 Nov 2017 13:20:30 GMT" time="12.511" errors="0">
  <testcase name="f" time="12.511" classname="com.maven1.MyMaven1.AppiumTestNative"/>
</testsuite> <!-- com.maven1.MyMaven1.AppiumTestNative -->
