<?xml version="1.0" encoding="UTF-8"?>
<!-- Generated by org.testng.reporters.JUnitReportReporter -->
<testsuite skipped="0" hostname="SHREEYA-MALHAR" name="com.maven1.MyMaven1.Selenium" tests="1" failures="0" timestamp="16 Sep 2017 11:51:01 GMT" time="7.038" errors="0">
  <testcase name="f" time="7.038" classname="com.maven1.MyMaven1.Selenium"/>
</testsuite> <!-- com.maven1.MyMaven1.Selenium -->
